<?xml version="1.0" encoding="UTF-8"?>
<testng-results skipped="0" failed="0" ignored="0" total="1" passed="1">
  <reporter-output>
  </reporter-output>
  <suite name="Default suite" duration-ms="38253" started-at="2019-05-31T04:56:17Z" finished-at="2019-05-31T04:56:55Z">
    <groups>
    </groups>
    <test name="Default test" duration-ms="38253" started-at="2019-05-31T04:56:17Z" finished-at="2019-05-31T04:56:55Z">
      <class name="org.seleniumhq.selenium.org.TestNG.Date_Picker_Gen">
        <test-method status="PASS" signature="Choose_Date()[pri:0, instance:org.seleniumhq.selenium.org.TestNG.Date_Picker_Gen@343f4d3d]" name="Choose_Date" duration-ms="38195" started-at="2019-05-31T04:56:17Z" finished-at="2019-05-31T04:56:55Z">
          <reporter-output>
          </reporter-output>
        </test-method> <!-- Choose_Date -->
      </class> <!-- org.seleniumhq.selenium.org.TestNG.Date_Picker_Gen -->
    </test> <!-- Default test -->
  </suite> <!-- Default suite -->
</testng-results>
